d:\clowncord\clowncord\x64\debug\vc143.pdb
d:\clowncord\clowncord\x64\debug\vc143.idb
d:\clowncord\clowncord\x64\debug\getmicrophoneinput.obj
d:\clowncord\clowncord\x64\debug\rendergui.obj
d:\clowncord\clowncord\x64\debug\clowncord.obj
d:\clowncord\clowncord\x64\debug\user.obj
d:\clowncord\clowncord\x64\debug\connection.obj
d:\clowncord\x64\debug\glfw3.dll
d:\clowncord\x64\debug\portaudio.dll
d:\clowncord\x64\debug\clowncord.exe
d:\clowncord\x64\debug\clowncord.pdb
d:\clowncord\clowncord\x64\debug\clowncord.ilk
d:\clowncord\clowncord\x64\debug\clowncord.tlog\cl.command.1.tlog
d:\clowncord\clowncord\x64\debug\clowncord.tlog\cl.items.tlog
d:\clowncord\clowncord\x64\debug\clowncord.tlog\cl.read.1.tlog
d:\clowncord\clowncord\x64\debug\clowncord.tlog\cl.write.1.tlog
d:\clowncord\clowncord\x64\debug\clowncord.tlog\clowncord.write.1u.tlog
d:\clowncord\clowncord\x64\debug\clowncord.tlog\link.command.1.tlog
d:\clowncord\clowncord\x64\debug\clowncord.tlog\link.read.1.tlog
d:\clowncord\clowncord\x64\debug\clowncord.tlog\link.secondary.1.tlog
d:\clowncord\clowncord\x64\debug\clowncord.tlog\link.write.1.tlog
